<?xml version="1.0" encoding="UTF-8"?>
<testng-results skipped="0" failed="0" ignored="0" total="3" passed="3">
  <reporter-output>
  </reporter-output>
  <suite name="Suite" duration-ms="9803" started-at="2017-09-27T10:30:14Z" finished-at="2017-09-27T10:30:24Z">
    <groups>
    </groups>
    <test name="Test" duration-ms="9803" started-at="2017-09-27T10:30:14Z" finished-at="2017-09-27T10:30:24Z">
      <class name="testcases.tc_002">
        <test-method status="PASS" signature="testcase()[pri:0, instance:testcases.tc_002@58ceff1]" name="testcase" duration-ms="3162" started-at="2017-09-27T16:00:18Z" finished-at="2017-09-27T16:00:21Z">
          <reporter-output>
          </reporter-output>
        </test-method> <!-- testcase -->
      </class> <!-- testcases.tc_002 -->
      <class name="testcases.tc_001">
        <test-method status="PASS" signature="testcase()[pri:0, instance:testcases.tc_001@27f674d]" name="testcase" duration-ms="3614" started-at="2017-09-27T16:00:14Z" finished-at="2017-09-27T16:00:18Z">
          <reporter-output>
          </reporter-output>
        </test-method> <!-- testcase -->
      </class> <!-- testcases.tc_001 -->
      <class name="testcases.tc_003">
        <test-method status="PASS" signature="testcase()[pri:0, instance:testcases.tc_003@7c30a502]" name="testcase" duration-ms="3011" started-at="2017-09-27T16:00:21Z" finished-at="2017-09-27T16:00:24Z">
          <reporter-output>
          </reporter-output>
        </test-method> <!-- testcase -->
      </class> <!-- testcases.tc_003 -->
    </test> <!-- Test -->
  </suite> <!-- Suite -->
</testng-results>
