<?xml version="1.0" encoding="UTF-8"?>
<testng-results skipped="0" failed="0" ignored="0" total="1" passed="1">
  <reporter-output>
  </reporter-output>
  <suite name="Default suite" duration-ms="3142" started-at="2017-09-27T10:11:31Z" finished-at="2017-09-27T10:11:34Z">
    <groups>
    </groups>
    <test name="Default test" duration-ms="3142" started-at="2017-09-27T10:11:31Z" finished-at="2017-09-27T10:11:34Z">
      <class name="testcases.tc_001">
        <test-method status="PASS" signature="testcase()[pri:0, instance:testcases.tc_001@61832929]" name="testcase" duration-ms="3129" started-at="2017-09-27T15:41:31Z" finished-at="2017-09-27T15:41:34Z">
          <reporter-output>
          </reporter-output>
        </test-method> <!-- testcase -->
      </class> <!-- testcases.tc_001 -->
    </test> <!-- Default test -->
  </suite> <!-- Default suite -->
</testng-results>
